# JRE version: Java(TM) SE Runtime Environment (8.0_121-b13) (build 1.8.0_121-b13)
# Java VM: Java HotSpot(TM) 64-Bit Server VM (25.121-b13 mixed mode bsd-amd64 compressed oops)
Heap:
 PSYoungGen      total 695808K, used 138406K [0x0000000795580000, 0x00000007c0000000, 0x00000007c0000000)
  eden space 692736K, 19% used [0x0000000795580000,0x000000079dca9b10,0x00000007bfa00000)
  from space 3072K, 0% used [0x00000007bfa00000,0x00000007bfa00000,0x00000007bfd00000)
  to   space 3072K, 0% used [0x00000007bfd00000,0x00000007bfd00000,0x00000007c0000000)
 ParOldGen       total 87552K, used 43534K [0x0000000740000000, 0x0000000745580000, 0x0000000795580000)
  object space 87552K, 49% used [0x0000000740000000,0x0000000742a83860,0x0000000745580000)
 Metaspace       used 14997K, capacity 15316K, committed 15616K, reserved 1062912K
  class space    used 1695K, capacity 1782K, committed 1792K, reserved 1048576K
GC Heap History (10 events):
Event: 20.317 GC heap before
{Heap before GC invocations=289 (full 138):
 PSYoungGen      total 695808K, used 32K [0x0000000795580000, 0x00000007bfe00000, 0x00000007c0000000)
  eden space 695296K, 0% used [0x0000000795580000,0x0000000795580000,0x00000007bfc80000)
  from space 512K, 6% used [0x00000007bfd00000,0x00000007bfd08000,0x00000007bfd80000)
  to   space 512K, 0% used [0x00000007bfd80000,0x00000007bfd80000,0x00000007bfe00000)
 ParOldGen       total 87552K, used 41511K [0x0000000740000000, 0x0000000745580000, 0x0000000795580000)
  object space 87552K, 47% used [0x0000000740000000,0x0000000742889d80,0x0000000745580000)
 Metaspace       used 11079K, capacity 11342K, committed 11648K, reserved 1058816K
  class space    used 1205K, capacity 1292K, committed 1408K, reserved 1048576K
Event: 20.371 GC heap after
Heap after GC invocations=289 (full 138):
 PSYoungGen      total 695808K, used 0K [0x0000000795580000, 0x00000007bfe00000, 0x00000007c0000000)
  eden space 695296K, 0% used [0x0000000795580000,0x0000000795580000,0x00000007bfc80000)
  from space 512K, 0% used [0x00000007bfd00000,0x00000007bfd00000,0x00000007bfd80000)
  to   space 512K, 0% used [0x00000007bfd80000,0x00000007bfd80000,0x00000007bfe00000)
 ParOldGen       total 87552K, used 41526K [0x0000000740000000, 0x0000000745580000, 0x0000000795580000)
  object space 87552K, 47% used [0x0000000740000000,0x000000074288d808,0x0000000745580000)
 Metaspace       used 11079K, capacity 11342K, committed 11648K, reserved 1058816K
  class space    used 1205K, capacity 1292K, committed 1408K, reserved 1048576K
}
Event: 20.465 GC heap before
{Heap before GC invocations=290 (full 138):
 PSYoungGen      total 695808K, used 42858K [0x0000000795580000, 0x00000007bfe00000, 0x00000007c0000000)
  eden space 695296K, 6% used [0x0000000795580000,0x0000000797f5a980,0x00000007bfc80000)
  from space 512K, 0% used [0x00000007bfd00000,0x00000007bfd00000,0x00000007bfd80000)
  to   space 512K, 0% used [0x00000007bfd80000,0x00000007bfd80000,0x00000007bfe00000)
 ParOldGen       total 87552K, used 41526K [0x0000000740000000, 0x0000000745580000, 0x0000000795580000)
  object space 87552K, 47% used [0x0000000740000000,0x000000074288d808,0x0000000745580000)
 Metaspace       used 11083K, capacity 11342K, committed 11648K, reserved 1058816K
  class space    used 1205K, capacity 1292K, committed 1408K, reserved 1048576K
Event: 20.471 GC heap after
Heap after GC invocations=290 (full 138):
 PSYoungGen      total 693248K, used 512K [0x0000000795580000, 0x00000007c0000000, 0x00000007c0000000)
  eden space 692736K, 0% used [0x0000000795580000,0x0000000795580000,0x00000007bfa00000)
  from space 512K, 100% used [0x00000007bfd80000,0x00000007bfe00000,0x00000007bfe00000)
  to   space 3072K, 0% used [0x00000007bfa00000,0x00000007bfa00000,0x00000007bfd00000)
 ParOldGen       total 87552K, used 47811K [0x0000000740000000, 0x0000000745580000, 0x0000000795580000)
  object space 87552K, 54% used [0x0000000740000000,0x0000000742eb0e38,0x0000000745580000)
 Metaspace       used 11083K, capacity 11342K, committed 11648K, reserved 1058816K
  class space    used 1205K, capacity 1292K, committed 1408K, reserved 1048576K
}
Event: 20.471 GC heap before
{Heap before GC invocations=291 (full 139):
 PSYoungGen      total 693248K, used 512K [0x0000000795580000, 0x00000007c0000000, 0x00000007c0000000)
  eden space 692736K, 0% used [0x0000000795580000,0x0000000795580000,0x00000007bfa00000)
  from space 512K, 100% used [0x00000007bfd80000,0x00000007bfe00000,0x00000007bfe00000)
  to   space 3072K, 0% used [0x00000007bfa00000,0x00000007bfa00000,0x00000007bfd00000)
 ParOldGen       total 87552K, used 47811K [0x0000000740000000, 0x0000000745580000, 0x0000000795580000)
  object space 87552K, 54% used [0x0000000740000000,0x0000000742eb0e38,0x0000000745580000)
 Metaspace       used 11083K, capacity 11342K, committed 11648K, reserved 1058816K
  class space    used 1205K, capacity 1292K, committed 1408K, reserved 1048576K
Event: 20.640 GC heap after
Heap after GC invocations=291 (full 139):
 PSYoungGen      total 693248K, used 0K [0x0000000795580000, 0x00000007c0000000, 0x00000007c0000000)
  eden space 692736K, 0% used [0x0000000795580000,0x0000000795580000,0x00000007bfa00000)
  from space 512K, 0% used [0x00000007bfd80000,0x00000007bfd80000,0x00000007bfe00000)
  to   space 3072K, 0% used [0x00000007bfa00000,0x00000007bfa00000,0x00000007bfd00000)
 ParOldGen       total 87552K, used 48130K [0x0000000740000000, 0x0000000745580000, 0x0000000795580000)
  object space 87552K, 54% used [0x0000000740000000,0x0000000742f00ac0,0x0000000745580000)
 Metaspace       used 11083K, capacity 11342K, committed 11648K, reserved 1058816K
  class space    used 1205K, capacity 1292K, committed 1408K, reserved 1048576K
}
Event: 20.653 GC heap before
{Heap before GC invocations=292 (full 139):
 PSYoungGen      total 693248K, used 27454K [0x0000000795580000, 0x00000007c0000000, 0x00000007c0000000)
  eden space 692736K, 3% used [0x0000000795580000,0x000000079704f8d8,0x00000007bfa00000)
  from space 512K, 0% used [0x00000007bfd80000,0x00000007bfd80000,0x00000007bfe00000)
  to   space 3072K, 0% used [0x00000007bfa00000,0x00000007bfa00000,0x00000007bfd00000)
 ParOldGen       total 87552K, used 48130K [0x0000000740000000, 0x0000000745580000, 0x0000000795580000)
  object space 87552K, 54% used [0x0000000740000000,0x0000000742f00ac0,0x0000000745580000)
 Metaspace       used 11085K, capacity 11342K, committed 11648K, reserved 1058816K
  class space    used 1205K, capacity 1292K, committed 1408K, reserved 1048576K
Event: 20.655 GC heap after
Heap after GC invocations=292 (full 139):
 PSYoungGen      total 695808K, used 608K [0x0000000795580000, 0x00000007c0000000, 0x00000007c0000000)
  eden space 692736K, 0% used [0x0000000795580000,0x0000000795580000,0x00000007bfa00000)
  from space 3072K, 19% used [0x00000007bfa00000,0x00000007bfa98000,0x00000007bfd00000)
  to   space 3072K, 0% used [0x00000007bfd00000,0x00000007bfd00000,0x00000007c0000000)
 ParOldGen       total 87552K, used 48130K [0x0000000740000000, 0x0000000745580000, 0x0000000795580000)
  object space 87552K, 54% used [0x0000000740000000,0x0000000742f00ac0,0x0000000745580000)
 Metaspace       used 11085K, capacity 11342K, committed 11648K, reserved 1058816K
  class space    used 1205K, capacity 1292K, committed 1408K, reserved 1048576K
}
Event: 20.655 GC heap before
{Heap before GC invocations=293 (full 140):
 PSYoungGen      total 695808K, used 608K [0x0000000795580000, 0x00000007c0000000, 0x00000007c0000000)
  eden space 692736K, 0% used [0x0000000795580000,0x0000000795580000,0x00000007bfa00000)
  from space 3072K, 19% used [0x00000007bfa00000,0x00000007bfa98000,0x00000007bfd00000)
  to   space 3072K, 0% used [0x00000007bfd00000,0x00000007bfd00000,0x00000007c0000000)
 ParOldGen       total 87552K, used 48130K [0x0000000740000000, 0x0000000745580000, 0x0000000795580000)
  object space 87552K, 54% used [0x0000000740000000,0x0000000742f00ac0,0x0000000745580000)
 Metaspace       used 11085K, capacity 11342K, committed 11648K, reserved 1058816K
  class space    used 1205K, capacity 1292K, committed 1408K, reserved 1048576K
Event: 20.775 GC heap after
Heap after GC invocations=293 (full 140):
 PSYoungGen      total 695808K, used 0K [0x0000000795580000, 0x00000007c0000000, 0x00000007c0000000)
  eden space 692736K, 0% used [0x0000000795580000,0x0000000795580000,0x00000007bfa00000)
  from space 3072K, 0% used [0x00000007bfa00000,0x00000007bfa00000,0x00000007bfd00000)
  to   space 3072K, 0% used [0x00000007bfd00000,0x00000007bfd00000,0x00000007c0000000)
 ParOldGen       total 87552K, used 43534K [0x0000000740000000, 0x0000000745580000, 0x0000000795580000)
  object space 87552K, 49% used [0x0000000740000000,0x0000000742a83860,0x0000000745580000)
 Metaspace       used 11085K, capacity 11342K, committed 11648K, reserved 1058816K
  class space    used 1205K, capacity 1292K, committed 1408K, reserved 1048576K
}

